<?xml version="1.0" encoding="UTF-8"?>
<!-- Generated by org.testng.reporters.JUnitReportReporter -->
<testsuite hostname="PC318260" name="com.eloancn.suites.myAccount.LoginAndRegister" tests="1" failures="0" timestamp="27 Apr 2015 08:27:48 GMT" time="97.406" errors="0">
  <testcase name="login" time="97.406" classname="com.eloancn.suites.myAccount.LoginAndRegister"/>
</testsuite> <!-- com.eloancn.suites.myAccount.LoginAndRegister -->
