<?xml version="1.0" encoding="UTF-8"?>
<!-- Generated by org.testng.reporters.JUnitReportReporter -->
<testsuite hostname="PC318260" name="com.eloancn.suites.myAccount.Test1" tests="1" failures="0" timestamp="27 Apr 2015 08:10:34 GMT" time="91.264" errors="0">
  <testcase name="login" time="91.264" classname="com.eloancn.suites.myAccount.Test1"/>
</testsuite> <!-- com.eloancn.suites.myAccount.Test1 -->
