<?xml version="1.0" encoding="UTF-8"?>
<!-- Generated by org.testng.reporters.JUnitReportReporter -->
<testsuite hostname="PC318260" name="com.eloancn.shared.pages.IndexPage" tests="1" failures="0" timestamp="23 Apr 2015 01:57:21 GMT" time="8.636" errors="0">
  <testcase name="clickRegisterLink" time="8.636" classname="com.eloancn.shared.pages.IndexPage"/>
</testsuite> <!-- com.eloancn.shared.pages.IndexPage -->
